2019-09-24 03:25:41 INFO:Convert queue is staring...
2019-09-24 03:26:08 INFO:Convert queue is staring...
2019-09-24 03:26:20 INFO:Convert queue is staring...
2019-09-24 03:26:26 INFO:Convert queue is staring...
2019-09-24 03:26:35 INFO:Convert queue is staring...
2019-09-24 03:26:41 INFO:Convert queue is staring...
2019-09-24 03:26:51 INFO:Convert queue is staring...
2019-09-24 03:27:07 INFO:Convert queue is staring...
2019-09-24 03:27:29 INFO:Convert queue is staring...
2019-09-24 03:27:36 INFO:Convert queue is staring...
2019-09-24 03:36:55 INFO:Convert queue is staring...
2019-09-24 03:36:55 INFO:/home/trent/data/workspace/PycharmProjects/python_works/mrms/resources/video/Metallica.-.Nothing.Else.Matters.(Live.Earth-2007).mkv --> convert finished.
2019-09-24 03:36:55 INFO:/home/trent/data/workspace/PycharmProjects/python_works/mrms/resources/video/1.avi --> convert finished.
2019-09-24 03:36:55 INFO:/home/trent/data/workspace/PycharmProjects/python_works/mrms/resources/video/1.mkv --> convert finished.
2019-09-24 03:36:55 INFO:/home/trent/data/workspace/PycharmProjects/python_works/mrms/resources/video/sample.mkv --> convert finished.
2019-09-24 03:36:55 INFO:/home/trent/data/workspace/PycharmProjects/python_works/mrms/resources/video/Holly Valance - Down Boy [2002][SkidVid]_XviD.avi --> convert finished.
2019-09-24 03:36:55 INFO:/home/trent/data/workspace/PycharmProjects/python_works/mrms/resources/video/摇滚殿堂25周年演唱会 METALLICA.flv --> convert finished.
2019-09-24 03:36:55 INFO:/home/trent/data/workspace/PycharmProjects/python_works/mrms/resources/video/Holly Valance - State Of Mind [2003][SkidVid]_XviD.avi --> convert finished.
2019-09-24 03:36:55 INFO:/home/trent/data/workspace/PycharmProjects/python_works/mrms/resources/video/1.flv --> convert finished.
2019-09-24 03:36:55 INFO:/home/trent/data/workspace/PycharmProjects/python_works/mrms/resources/video/Holly Valance - Naughty Girl [2002][SkidVid]_XviD.avi --> convert finished.
2019-09-24 03:36:55 INFO:/home/trent/data/workspace/PycharmProjects/python_works/mrms/resources/video/2.avi --> convert finished.
2019-09-24 03:36:55 INFO:/home/trent/data/workspace/PycharmProjects/python_works/mrms/resources/video/Game.of.Thrones.S08E02.1080p.WEB.x264-ADRENALiNE[ettv]/game.of.thrones.s08e02.1080p.web.x264-adrenaline[ettv].mkv --> convert finished.
2019-09-24 03:36:55 INFO:/home/trent/data/workspace/PycharmProjects/python_works/mrms/resources/video/Game.of.Thrones.S08E01.1080p.WEB.H264-MEMENTO[ettv]/game.of.thrones.s08e01.1080p.web.h264-memento[ettv].mkv --> convert finished.
2019-09-24 03:36:55 INFO:/home/trent/data/workspace/PycharmProjects/python_works/mrms/resources/video/Game.of.Thrones.S08E03.1080p.WEB.H264-MEMENTO[ettv]/game.of.thrones.s08e03.1080p.web.h264-memento[ettv].mkv --> convert finished.
2019-09-24 03:36:55 INFO:/home/trent/data/workspace/PycharmProjects/python_works/mrms/resources/video/Metallica.-.Nothing.Else.Matters.(Live.Earth-2007).mkv --> convert finished.
2019-09-24 03:36:55 INFO:/home/trent/data/workspace/PycharmProjects/python_works/mrms/resources/video/1.avi --> convert finished.
2019-09-24 03:36:55 INFO:/home/trent/data/workspace/PycharmProjects/python_works/mrms/resources/video/1.mkv --> convert finished.
2019-09-24 03:36:55 INFO:/home/trent/data/workspace/PycharmProjects/python_works/mrms/resources/video/sample.mkv --> convert finished.
2019-09-24 03:36:55 INFO:/home/trent/data/workspace/PycharmProjects/python_works/mrms/resources/video/Holly Valance - Down Boy [2002][SkidVid]_XviD.avi --> convert finished.
2019-09-24 03:36:55 INFO:/home/trent/data/workspace/PycharmProjects/python_works/mrms/resources/video/摇滚殿堂25周年演唱会 METALLICA.flv --> convert finished.
2019-09-24 03:36:55 INFO:/home/trent/data/workspace/PycharmProjects/python_works/mrms/resources/video/Holly Valance - State Of Mind [2003][SkidVid]_XviD.avi --> convert finished.
2019-09-24 03:36:55 INFO:/home/trent/data/workspace/PycharmProjects/python_works/mrms/resources/video/1.flv --> convert finished.
2019-09-24 03:36:55 INFO:/home/trent/data/workspace/PycharmProjects/python_works/mrms/resources/video/Holly Valance - Naughty Girl [2002][SkidVid]_XviD.avi --> convert finished.
2019-09-24 03:36:55 INFO:/home/trent/data/workspace/PycharmProjects/python_works/mrms/resources/video/2.avi --> convert finished.
2019-09-24 03:36:55 INFO:/home/trent/data/workspace/PycharmProjects/python_works/mrms/resources/video/Game.of.Thrones.S08E02.1080p.WEB.x264-ADRENALiNE[ettv]/game.of.thrones.s08e02.1080p.web.x264-adrenaline[ettv].mkv --> convert finished.
2019-09-24 03:36:55 INFO:/home/trent/data/workspace/PycharmProjects/python_works/mrms/resources/video/Game.of.Thrones.S08E01.1080p.WEB.H264-MEMENTO[ettv]/game.of.thrones.s08e01.1080p.web.h264-memento[ettv].mkv --> convert finished.
2019-09-24 03:36:55 INFO:/home/trent/data/workspace/PycharmProjects/python_works/mrms/resources/video/Game.of.Thrones.S08E03.1080p.WEB.H264-MEMENTO[ettv]/game.of.thrones.s08e03.1080p.web.h264-memento[ettv].mkv --> convert finished.
2019-09-24 03:37:42 INFO:Convert queue is staring...
2019-09-24 03:37:42 INFO:/home/trent/data/workspace/PycharmProjects/python_works/mrms/resources/video/Metallica.-.Nothing.Else.Matters.(Live.Earth-2007).mkv --> convert finished.
2019-09-24 03:37:42 INFO:/home/trent/data/workspace/PycharmProjects/python_works/mrms/resources/video/1.avi --> convert finished.
2019-09-24 03:37:42 INFO:/home/trent/data/workspace/PycharmProjects/python_works/mrms/resources/video/1.mkv --> convert finished.
2019-09-24 03:37:42 INFO:/home/trent/data/workspace/PycharmProjects/python_works/mrms/resources/video/sample.mkv --> convert finished.
2019-09-24 03:37:42 INFO:/home/trent/data/workspace/PycharmProjects/python_works/mrms/resources/video/Holly Valance - Down Boy [2002][SkidVid]_XviD.avi --> convert finished.
2019-09-24 03:37:42 INFO:/home/trent/data/workspace/PycharmProjects/python_works/mrms/resources/video/摇滚殿堂25周年演唱会 METALLICA.flv --> convert finished.
2019-09-24 03:37:42 INFO:/home/trent/data/workspace/PycharmProjects/python_works/mrms/resources/video/Holly Valance - State Of Mind [2003][SkidVid]_XviD.avi --> convert finished.
2019-09-24 03:37:42 INFO:/home/trent/data/workspace/PycharmProjects/python_works/mrms/resources/video/1.flv --> convert finished.
2019-09-24 03:37:42 INFO:/home/trent/data/workspace/PycharmProjects/python_works/mrms/resources/video/Holly Valance - Naughty Girl [2002][SkidVid]_XviD.avi --> convert finished.
2019-09-24 03:37:42 INFO:/home/trent/data/workspace/PycharmProjects/python_works/mrms/resources/video/2.avi --> convert finished.
2019-09-24 03:37:42 INFO:/home/trent/data/workspace/PycharmProjects/python_works/mrms/resources/video/Game.of.Thrones.S08E02.1080p.WEB.x264-ADRENALiNE[ettv]/game.of.thrones.s08e02.1080p.web.x264-adrenaline[ettv].mkv --> convert finished.
2019-09-24 03:37:42 INFO:/home/trent/data/workspace/PycharmProjects/python_works/mrms/resources/video/Game.of.Thrones.S08E01.1080p.WEB.H264-MEMENTO[ettv]/game.of.thrones.s08e01.1080p.web.h264-memento[ettv].mkv --> convert finished.
2019-09-24 03:37:42 INFO:/home/trent/data/workspace/PycharmProjects/python_works/mrms/resources/video/Game.of.Thrones.S08E03.1080p.WEB.H264-MEMENTO[ettv]/game.of.thrones.s08e03.1080p.web.h264-memento[ettv].mkv --> convert finished.
2019-09-24 03:37:42 INFO:/home/trent/data/workspace/PycharmProjects/python_works/mrms/resources/video/Metallica.-.Nothing.Else.Matters.(Live.Earth-2007).mkv --> convert finished.
2019-09-24 03:37:42 INFO:/home/trent/data/workspace/PycharmProjects/python_works/mrms/resources/video/1.avi --> convert finished.
2019-09-24 03:37:42 INFO:/home/trent/data/workspace/PycharmProjects/python_works/mrms/resources/video/1.mkv --> convert finished.
2019-09-24 03:37:42 INFO:/home/trent/data/workspace/PycharmProjects/python_works/mrms/resources/video/sample.mkv --> convert finished.
2019-09-24 03:37:42 INFO:/home/trent/data/workspace/PycharmProjects/python_works/mrms/resources/video/摇滚殿堂25周年演唱会 METALLICA.flv --> convert finished.
2019-09-24 03:37:42 INFO:/home/trent/data/workspace/PycharmProjects/python_works/mrms/resources/video/Holly Valance - State Of Mind [2003][SkidVid]_XviD.avi --> convert finished.
2019-09-24 03:37:42 INFO:/home/trent/data/workspace/PycharmProjects/python_works/mrms/resources/video/1.flv --> convert finished.
2019-09-24 03:37:42 INFO:/home/trent/data/workspace/PycharmProjects/python_works/mrms/resources/video/Holly Valance - Naughty Girl [2002][SkidVid]_XviD.avi --> convert finished.
2019-09-24 03:37:42 INFO:/home/trent/data/workspace/PycharmProjects/python_works/mrms/resources/video/2.avi --> convert finished.
2019-09-24 03:37:42 INFO:/home/trent/data/workspace/PycharmProjects/python_works/mrms/resources/video/Game.of.Thrones.S08E02.1080p.WEB.x264-ADRENALiNE[ettv]/game.of.thrones.s08e02.1080p.web.x264-adrenaline[ettv].mkv --> convert finished.
2019-09-24 03:37:42 INFO:/home/trent/data/workspace/PycharmProjects/python_works/mrms/resources/video/Holly Valance - Down Boy [2002][SkidVid]_XviD.avi --> convert finished.
2019-09-24 03:37:42 INFO:/home/trent/data/workspace/PycharmProjects/python_works/mrms/resources/video/Game.of.Thrones.S08E01.1080p.WEB.H264-MEMENTO[ettv]/game.of.thrones.s08e01.1080p.web.h264-memento[ettv].mkv --> convert finished.
2019-09-24 03:37:42 INFO:/home/trent/data/workspace/PycharmProjects/python_works/mrms/resources/video/Game.of.Thrones.S08E03.1080p.WEB.H264-MEMENTO[ettv]/game.of.thrones.s08e03.1080p.web.h264-memento[ettv].mkv --> convert finished.
2019-09-24 03:37:58 INFO:Convert queue is staring...
2019-09-24 03:39:43 INFO:Convert queue is staring...
2019-09-24 03:39:43 INFO:/home/trent/data/workspace/PycharmProjects/python_works/mrms/resources/video/Metallica.-.Nothing.Else.Matters.(Live.Earth-2007).mkv --> convert finished.
2019-09-24 03:39:43 INFO:/home/trent/data/workspace/PycharmProjects/python_works/mrms/resources/video/1.avi --> convert finished.
2019-09-24 03:39:43 INFO:/home/trent/data/workspace/PycharmProjects/python_works/mrms/resources/video/1.mkv --> convert finished.
2019-09-24 03:39:43 INFO:/home/trent/data/workspace/PycharmProjects/python_works/mrms/resources/video/sample.mkv --> convert finished.
2019-09-24 03:39:43 INFO:/home/trent/data/workspace/PycharmProjects/python_works/mrms/resources/video/Holly Valance - Down Boy [2002][SkidVid]_XviD.avi --> convert finished.
2019-09-24 03:39:43 INFO:/home/trent/data/workspace/PycharmProjects/python_works/mrms/resources/video/摇滚殿堂25周年演唱会 METALLICA.flv --> convert finished.
2019-09-24 03:39:43 INFO:/home/trent/data/workspace/PycharmProjects/python_works/mrms/resources/video/Holly Valance - State Of Mind [2003][SkidVid]_XviD.avi --> convert finished.
2019-09-24 03:39:43 INFO:/home/trent/data/workspace/PycharmProjects/python_works/mrms/resources/video/1.flv --> convert finished.
2019-09-24 03:39:43 INFO:/home/trent/data/workspace/PycharmProjects/python_works/mrms/resources/video/Holly Valance - Naughty Girl [2002][SkidVid]_XviD.avi --> convert finished.
2019-09-24 03:39:43 INFO:/home/trent/data/workspace/PycharmProjects/python_works/mrms/resources/video/2.avi --> convert finished.
2019-09-24 03:39:43 INFO:/home/trent/data/workspace/PycharmProjects/python_works/mrms/resources/video/Game.of.Thrones.S08E02.1080p.WEB.x264-ADRENALiNE[ettv]/game.of.thrones.s08e02.1080p.web.x264-adrenaline[ettv].mkv --> convert finished.
2019-09-24 03:39:43 INFO:/home/trent/data/workspace/PycharmProjects/python_works/mrms/resources/video/Game.of.Thrones.S08E01.1080p.WEB.H264-MEMENTO[ettv]/game.of.thrones.s08e01.1080p.web.h264-memento[ettv].mkv --> convert finished.
2019-09-24 03:39:43 INFO:/home/trent/data/workspace/PycharmProjects/python_works/mrms/resources/video/Metallica.-.Nothing.Else.Matters.(Live.Earth-2007).mkv --> convert finished.
2019-09-24 03:39:43 INFO:/home/trent/data/workspace/PycharmProjects/python_works/mrms/resources/video/1.avi --> convert finished.
2019-09-24 03:39:43 INFO:/home/trent/data/workspace/PycharmProjects/python_works/mrms/resources/video/1.mkv --> convert finished.
2019-09-24 03:39:43 INFO:/home/trent/data/workspace/PycharmProjects/python_works/mrms/resources/video/sample.mkv --> convert finished.
2019-09-24 03:39:43 INFO:/home/trent/data/workspace/PycharmProjects/python_works/mrms/resources/video/Holly Valance - Down Boy [2002][SkidVid]_XviD.avi --> convert finished.
2019-09-24 03:39:43 INFO:/home/trent/data/workspace/PycharmProjects/python_works/mrms/resources/video/摇滚殿堂25周年演唱会 METALLICA.flv --> convert finished.
2019-09-24 03:39:43 INFO:/home/trent/data/workspace/PycharmProjects/python_works/mrms/resources/video/Holly Valance - State Of Mind [2003][SkidVid]_XviD.avi --> convert finished.
2019-09-24 03:39:43 INFO:/home/trent/data/workspace/PycharmProjects/python_works/mrms/resources/video/1.flv --> convert finished.
2019-09-24 03:39:43 INFO:/home/trent/data/workspace/PycharmProjects/python_works/mrms/resources/video/Holly Valance - Naughty Girl [2002][SkidVid]_XviD.avi --> convert finished.
2019-09-24 03:39:43 INFO:/home/trent/data/workspace/PycharmProjects/python_works/mrms/resources/video/Game.of.Thrones.S08E03.1080p.WEB.H264-MEMENTO[ettv]/game.of.thrones.s08e03.1080p.web.h264-memento[ettv].mkv --> convert finished.
2019-09-24 03:39:43 INFO:/home/trent/data/workspace/PycharmProjects/python_works/mrms/resources/video/2.avi --> convert finished.
2019-09-24 03:39:43 INFO:/home/trent/data/workspace/PycharmProjects/python_works/mrms/resources/video/Game.of.Thrones.S08E02.1080p.WEB.x264-ADRENALiNE[ettv]/game.of.thrones.s08e02.1080p.web.x264-adrenaline[ettv].mkv --> convert finished.
2019-09-24 03:39:43 INFO:/home/trent/data/workspace/PycharmProjects/python_works/mrms/resources/video/Game.of.Thrones.S08E01.1080p.WEB.H264-MEMENTO[ettv]/game.of.thrones.s08e01.1080p.web.h264-memento[ettv].mkv --> convert finished.
2019-09-24 03:39:43 INFO:/home/trent/data/workspace/PycharmProjects/python_works/mrms/resources/video/Game.of.Thrones.S08E03.1080p.WEB.H264-MEMENTO[ettv]/game.of.thrones.s08e03.1080p.web.h264-memento[ettv].mkv --> convert finished.
2019-09-24 03:43:13 INFO:Convert queue is staring...
2019-09-24 03:43:39 INFO:Convert queue is staring...
2019-09-24 03:51:24 INFO:Convert queue is staring...
2019-09-24 03:57:20 INFO:Convert queue is staring...
2019-09-24 03:57:22 INFO:/home/trent/data/workspace/PycharmProjects/python_works/mrms/resources/video/Metallica.-.Nothing.Else.Matters.(Live.Earth-2007).mkv --> convert finished.
2019-09-24 03:59:54 INFO:/home/trent/data/workspace/PycharmProjects/python_works/mrms/resources/video/1.avi --> convert finished.
2019-09-24 04:03:09 INFO:/home/trent/data/workspace/PycharmProjects/python_works/mrms/resources/video/sample.mkv --> convert finished.
2019-09-24 04:03:10 INFO:/home/trent/data/workspace/PycharmProjects/python_works/mrms/resources/video/Holly Valance - Down Boy [2002][SkidVid]_XviD.avi --> convert finished.
2019-09-24 04:03:10 INFO:/home/trent/data/workspace/PycharmProjects/python_works/mrms/resources/video/摇滚殿堂25周年演唱会 METALLICA.flv --> convert finished.
2019-09-24 04:03:11 INFO:/home/trent/data/workspace/PycharmProjects/python_works/mrms/resources/video/Holly Valance - State Of Mind [2003][SkidVid]_XviD.avi --> convert finished.
2019-09-24 04:07:02 INFO:/home/trent/data/workspace/PycharmProjects/python_works/mrms/resources/video/1.flv --> convert finished.
2019-09-24 04:07:02 INFO:/home/trent/data/workspace/PycharmProjects/python_works/mrms/resources/video/Holly Valance - Naughty Girl [2002][SkidVid]_XviD.avi --> convert finished.
2019-09-24 04:07:56 INFO:Convert queue is staring...
2019-09-24 04:07:57 INFO:/home/trent/data/workspace/PycharmProjects/python_works/mrms/resources/video/Metallica.-.Nothing.Else.Matters.(Live.Earth-2007).mkv --> convert finished.
2019-09-24 04:10:42 INFO:/home/trent/data/workspace/PycharmProjects/python_works/mrms/resources/video/1.avi --> convert finished.
2019-09-24 04:13:58 INFO:/home/trent/data/workspace/PycharmProjects/python_works/mrms/resources/video/sample.mkv --> convert finished.
2019-09-24 04:13:58 INFO:/home/trent/data/workspace/PycharmProjects/python_works/mrms/resources/video/Holly Valance - Down Boy [2002][SkidVid]_XviD.avi --> convert finished.
2019-09-24 04:23:47 INFO:/home/trent/data/workspace/PycharmProjects/python_works/mrms/resources/video/1.mkv --> convert finished.
